<?xml version="1.0" encoding="UTF-8"?>
<!-- Generated by org.testng.reporters.JUnitXMLReporter -->
<testsuite ignored="0" hostname="DESKTOP-2CIGIQL" failures="0" tests="4" name="Default test" time="13.127" errors="0" timestamp="2024-01-08T02:23:26 IST">
  <testcase classname="api.testcases.UserTest2" name="testCreateUser" time="5.366"/>
  <testcase classname="api.testcases.UserTest2" name="testGetUserData" time="1.545"/>
  <testcase classname="api.testcases.UserTest2" name="testUpdateUser" time="2.94"/>
  <testcase classname="api.testcases.UserTest2" name="testDeleteUser" time="1.451"/>
</testsuite> <!-- Default test -->
