<?xml version="1.0" encoding="UTF-8"?>
<!-- Generated by org.testng.reporters.JUnitXMLReporter -->
<testsuite ignored="0" hostname="DESKTOP-2CIGIQL" failures="0" tests="4" name="Test" time="13.965" errors="0" timestamp="2024-01-08T13:09:35 IST">
  <testcase classname="api.testcases.UserTest" name="testCreateUser" time="5.872"/>
  <testcase classname="api.testcases.UserTest" name="testGetUserData" time="1.524"/>
  <testcase classname="api.testcases.UserTest" name="testUpdateUser" time="2.947"/>
  <testcase classname="api.testcases.UserTest" name="testDeleteUser" time="1.396"/>
</testsuite> <!-- Test -->
